2025-12-02 09:19:09,424 - clinflow.data.load - INFO - Dataset successfully loaded
2025-12-02 09:19:09,424 - __main__ - INFO - Records: 303
2025-12-02 09:19:09,424 - __main__ - INFO - Features: 15
2025-12-02 09:19:09,424 - __main__ - INFO - Missing values:
Unnamed: 0    0
age           0
sex           0
cp            0
trestbps      0
chol          0
fbs           0
restecg       0
thalach       0
exang         0
oldpeak       0
slope         0
ca            4
thal          2
num           0
dtype: int64
2025-12-02 09:19:09,424 - __main__ - INFO - Without heart disease: 164
2025-12-02 09:19:09,425 - __main__ - INFO - With heart disease: 139
2025-12-02 09:19:09,425 - __main__ - INFO - Percentages:
No heart disease: 54.0%
2025-12-02 09:19:09,425 - __main__ - INFO - Severity 1: 18.0%
2025-12-02 09:19:09,425 - __main__ - INFO - Severity 2: 12.0%
2025-12-02 09:19:09,425 - __main__ - INFO - Severity 3: 12.0%
2025-12-02 09:19:09,425 - __main__ - INFO - Severity 4: 4.0%
